<?xml version="1.0" encoding="UTF-8"?>
<coverage generated="1679873725670" clover="3.2.0">
  <project timestamp="1679873725670" name="All files">
    <metrics statements="56" coveredstatements="35" conditionals="16" coveredconditionals="8" methods="18" coveredmethods="13" elements="90" coveredelements="56" complexity="0" loc="56" ncloc="56" packages="2" files="7" classes="7"/>
    <package name="components">
      <metrics statements="16" coveredstatements="13" conditionals="2" coveredconditionals="2" methods="8" coveredmethods="6"/>
      <file name="card.tsx" path="C:/Users/Роман/Desktop/rs-school-react/rs_school-react/react-week-1/src/components/card.tsx">
        <metrics statements="6" coveredstatements="6" conditionals="0" coveredconditionals="0" methods="2" coveredmethods="2"/>
        <line num="11" count="8" type="stmt"/>
        <line num="12" count="8" type="stmt"/>
        <line num="13" count="8" type="stmt"/>
        <line num="14" count="8" type="stmt"/>
        <line num="15" count="8" type="stmt"/>
        <line num="18" count="8" type="stmt"/>
      </file>
      <file name="db.tsx" path="C:/Users/Роман/Desktop/rs-school-react/rs_school-react/react-week-1/src/components/db.tsx">
        <metrics statements="1" coveredstatements="1" conditionals="0" coveredconditionals="0" methods="0" coveredmethods="0"/>
        <line num="1" count="1" type="stmt"/>
      </file>
      <file name="search_bar.tsx" path="C:/Users/Роман/Desktop/rs-school-react/rs_school-react/react-week-1/src/components/search_bar.tsx">
        <metrics statements="7" coveredstatements="6" conditionals="2" coveredconditionals="2" methods="5" coveredmethods="4"/>
        <line num="5" count="1" type="stmt"/>
        <line num="6" count="1" type="stmt"/>
        <line num="7" count="1" type="stmt"/>
        <line num="10" count="1" type="cond" truecount="2" falsecount="0"/>
        <line num="13" count="1" type="stmt"/>
        <line num="16" count="0" type="stmt"/>
        <line num="19" count="2" type="stmt"/>
      </file>
      <file name="signCard.tsx" path="C:/Users/Роман/Desktop/rs-school-react/rs_school-react/react-week-1/src/components/signCard.tsx">
        <metrics statements="2" coveredstatements="0" conditionals="0" coveredconditionals="0" methods="1" coveredmethods="0"/>
        <line num="6" count="0" type="stmt"/>
        <line num="8" count="0" type="stmt"/>
      </file>
    </package>
    <package name="routes">
      <metrics statements="40" coveredstatements="22" conditionals="14" coveredconditionals="6" methods="10" coveredmethods="7"/>
      <file name="error.tsx" path="C:/Users/Роман/Desktop/rs-school-react/rs_school-react/react-week-1/src/routes/error.tsx">
        <metrics statements="1" coveredstatements="1" conditionals="0" coveredconditionals="0" methods="1" coveredmethods="1"/>
        <line num="5" count="1" type="stmt"/>
      </file>
      <file name="form.tsx" path="C:/Users/Роман/Desktop/rs-school-react/rs_school-react/react-week-1/src/routes/form.tsx">
        <metrics statements="37" coveredstatements="19" conditionals="14" coveredconditionals="6" methods="7" coveredmethods="4"/>
        <line num="15" count="2" type="stmt"/>
        <line num="16" count="2" type="stmt"/>
        <line num="19" count="2" type="stmt"/>
        <line num="20" count="2" type="stmt"/>
        <line num="21" count="2" type="stmt"/>
        <line num="22" count="2" type="stmt"/>
        <line num="23" count="2" type="stmt"/>
        <line num="24" count="2" type="stmt"/>
        <line num="25" count="2" type="stmt"/>
        <line num="26" count="2" type="stmt"/>
        <line num="27" count="2" type="stmt"/>
        <line num="31" count="1" type="stmt"/>
        <line num="32" count="1" type="cond" truecount="1" falsecount="1"/>
        <line num="33" count="0" type="stmt"/>
        <line num="34" count="0" type="stmt"/>
        <line num="35" count="0" type="stmt"/>
        <line num="36" count="0" type="cond" truecount="0" falsecount="2"/>
        <line num="37" count="0" type="cond" truecount="0" falsecount="2"/>
        <line num="38" count="0" type="stmt"/>
        <line num="39" count="0" type="stmt"/>
        <line num="40" count="0" type="stmt"/>
        <line num="41" count="0" type="stmt"/>
        <line num="42" count="0" type="stmt"/>
        <line num="43" count="0" type="stmt"/>
        <line num="47" count="0" type="stmt"/>
        <line num="48" count="0" type="stmt"/>
        <line num="49" count="0" type="stmt"/>
        <line num="50" count="0" type="stmt"/>
        <line num="51" count="0" type="stmt"/>
        <line num="55" count="1" type="stmt"/>
        <line num="56" count="1" type="cond" truecount="1" falsecount="1"/>
        <line num="63" count="1" type="stmt"/>
        <line num="64" count="1" type="stmt"/>
        <line num="66" count="0" type="stmt"/>
        <line num="70" count="2" type="stmt"/>
        <line num="71" count="2" type="stmt"/>
        <line num="124" count="0" type="stmt"/>
      </file>
      <file name="root.tsx" path="C:/Users/Роман/Desktop/rs-school-react/rs_school-react/react-week-1/src/routes/root.tsx">
        <metrics statements="2" coveredstatements="2" conditionals="0" coveredconditionals="0" methods="2" coveredmethods="2"/>
        <line num="8" count="1" type="stmt"/>
        <line num="14" count="6" type="stmt"/>
      </file>
    </package>
  </project>
</coverage>
