<?xml version="1.0" encoding="UTF-8"?>
<coverage generated="1679267063501" clover="3.2.0">
  <project timestamp="1679267063502" name="All files">
    <metrics statements="17" coveredstatements="16" conditionals="2" coveredconditionals="2" methods="10" coveredmethods="9" elements="29" coveredelements="27" complexity="0" loc="17" ncloc="17" packages="2" files="5" classes="5"/>
    <package name="components">
      <metrics statements="14" coveredstatements="13" conditionals="2" coveredconditionals="2" methods="7" coveredmethods="6"/>
      <file name="card.tsx" path="C:/Users/Роман/Desktop/rs-school-react/rs_school-react/react-week-1/src/components/card.tsx">
        <metrics statements="6" coveredstatements="6" conditionals="0" coveredconditionals="0" methods="2" coveredmethods="2"/>
        <line num="11" count="8" type="stmt"/>
        <line num="12" count="8" type="stmt"/>
        <line num="13" count="8" type="stmt"/>
        <line num="14" count="8" type="stmt"/>
        <line num="15" count="8" type="stmt"/>
        <line num="18" count="8" type="stmt"/>
      </file>
      <file name="db.tsx" path="C:/Users/Роман/Desktop/rs-school-react/rs_school-react/react-week-1/src/components/db.tsx">
        <metrics statements="1" coveredstatements="1" conditionals="0" coveredconditionals="0" methods="0" coveredmethods="0"/>
        <line num="1" count="1" type="stmt"/>
      </file>
      <file name="search_bar.tsx" path="C:/Users/Роман/Desktop/rs-school-react/rs_school-react/react-week-1/src/components/search_bar.tsx">
        <metrics statements="7" coveredstatements="6" conditionals="2" coveredconditionals="2" methods="5" coveredmethods="4"/>
        <line num="5" count="1" type="stmt"/>
        <line num="6" count="1" type="stmt"/>
        <line num="7" count="1" type="stmt"/>
        <line num="10" count="1" type="cond" truecount="2" falsecount="0"/>
        <line num="13" count="1" type="stmt"/>
        <line num="16" count="0" type="stmt"/>
        <line num="19" count="2" type="stmt"/>
      </file>
    </package>
    <package name="routes">
      <metrics statements="3" coveredstatements="3" conditionals="0" coveredconditionals="0" methods="3" coveredmethods="3"/>
      <file name="error.tsx" path="C:/Users/Роман/Desktop/rs-school-react/rs_school-react/react-week-1/src/routes/error.tsx">
        <metrics statements="1" coveredstatements="1" conditionals="0" coveredconditionals="0" methods="1" coveredmethods="1"/>
        <line num="4" count="1" type="stmt"/>
      </file>
      <file name="root.tsx" path="C:/Users/Роман/Desktop/rs-school-react/rs_school-react/react-week-1/src/routes/root.tsx">
        <metrics statements="2" coveredstatements="2" conditionals="0" coveredconditionals="0" methods="2" coveredmethods="2"/>
        <line num="7" count="1" type="stmt"/>
        <line num="13" count="6" type="stmt"/>
      </file>
    </package>
  </project>
</coverage>
