{"C:/Users/Роман/Desktop/rs-school-react/rs_school-react/react-week-1/src/components/card.tsx": {"path":"C:/Users/Роман/Desktop/rs-school-react/rs_school-react/react-week-1/src/components/card.tsx","statementMap":{"0":{"start":{"line":11,"column":4},"end":{"line":11,"column":null}},"1":{"start":{"line":12,"column":4},"end":{"line":12,"column":null}},"2":{"start":{"line":13,"column":4},"end":{"line":13,"column":null}},"3":{"start":{"line":14,"column":4},"end":{"line":14,"column":null}},"4":{"start":{"line":15,"column":4},"end":{"line":15,"column":null}},"5":{"start":{"line":18,"column":4},"end":{"line":26,"column":null}}},"fnMap":{"0":{"name":"(anonymous_0)","decl":{"start":{"line":10,"column":2},"end":{"line":10,"column":14}},"loc":{"start":{"line":10,"column":33},"end":{"line":16,"column":null}}},"1":{"name":"(anonymous_1)","decl":{"start":{"line":17,"column":2},"end":{"line":17,"column":11}},"loc":{"start":{"line":17,"column":11},"end":{"line":28,"column":null}}}},"branchMap":{},"s":{"0":8,"1":8,"2":8,"3":8,"4":8,"5":8},"f":{"0":8,"1":8},"b":{}}
,"C:/Users/Роман/Desktop/rs-school-react/rs_school-react/react-week-1/src/components/db.tsx": {"path":"C:/Users/Роман/Desktop/rs-school-react/rs_school-react/react-week-1/src/components/db.tsx","statementMap":{"0":{"start":{"line":1,"column":16},"end":{"line":44,"column":null}}},"fnMap":{},"branchMap":{},"s":{"0":1},"f":{},"b":{}}
,"C:/Users/Роман/Desktop/rs-school-react/rs_school-react/react-week-1/src/components/search_bar.tsx": {"path":"C:/Users/Роман/Desktop/rs-school-react/rs_school-react/react-week-1/src/components/search_bar.tsx","statementMap":{"0":{"start":{"line":5,"column":4},"end":{"line":5,"column":null}},"1":{"start":{"line":6,"column":4},"end":{"line":6,"column":null}},"2":{"start":{"line":7,"column":4},"end":{"line":7,"column":null}},"3":{"start":{"line":10,"column":4},"end":{"line":10,"column":null}},"4":{"start":{"line":13,"column":4},"end":{"line":13,"column":null}},"5":{"start":{"line":16,"column":4},"end":{"line":16,"column":null}},"6":{"start":{"line":19,"column":4},"end":{"line":26,"column":null}}},"fnMap":{"0":{"name":"(anonymous_0)","decl":{"start":{"line":4,"column":2},"end":{"line":4,"column":14}},"loc":{"start":{"line":4,"column":29},"end":{"line":8,"column":null}}},"1":{"name":"(anonymous_1)","decl":{"start":{"line":9,"column":2},"end":{"line":9,"column":22}},"loc":{"start":{"line":9,"column":22},"end":{"line":11,"column":null}}},"2":{"name":"(anonymous_2)","decl":{"start":{"line":12,"column":2},"end":{"line":12,"column":25}},"loc":{"start":{"line":12,"column":25},"end":{"line":14,"column":null}}},"3":{"name":"(anonymous_3)","decl":{"start":{"line":15,"column":2},"end":{"line":15,"column":14}},"loc":{"start":{"line":15,"column":58},"end":{"line":17,"column":null}}},"4":{"name":"(anonymous_4)","decl":{"start":{"line":18,"column":2},"end":{"line":18,"column":11}},"loc":{"start":{"line":18,"column":11},"end":{"line":28,"column":null}}}},"branchMap":{"0":{"loc":{"start":{"line":10,"column":27},"end":{"line":10,"column":72}},"type":"binary-expr","locations":[{"start":{"line":10,"column":27},"end":{"line":10,"column":69}},{"start":{"line":10,"column":69},"end":{"line":10,"column":72}}]}},"s":{"0":1,"1":1,"2":1,"3":1,"4":1,"5":0,"6":2},"f":{"0":1,"1":1,"2":1,"3":0,"4":2},"b":{"0":[1,1]}}
,"C:/Users/Роман/Desktop/rs-school-react/rs_school-react/react-week-1/src/routes/error.tsx": {"path":"C:/Users/Роман/Desktop/rs-school-react/rs_school-react/react-week-1/src/routes/error.tsx","statementMap":{"0":{"start":{"line":4,"column":4},"end":{"line":9,"column":null}}},"fnMap":{"0":{"name":"(anonymous_0)","decl":{"start":{"line":3,"column":2},"end":{"line":3,"column":11}},"loc":{"start":{"line":3,"column":11},"end":{"line":11,"column":null}}}},"branchMap":{},"s":{"0":1},"f":{"0":1},"b":{}}
,"C:/Users/Роман/Desktop/rs-school-react/rs_school-react/react-week-1/src/routes/root.tsx": {"path":"C:/Users/Роман/Desktop/rs-school-react/rs_school-react/react-week-1/src/routes/root.tsx","statementMap":{"0":{"start":{"line":7,"column":4},"end":{"line":17,"column":null}},"1":{"start":{"line":13,"column":14},"end":{"line":13,"column":null}}},"fnMap":{"0":{"name":"(anonymous_0)","decl":{"start":{"line":6,"column":2},"end":{"line":6,"column":11}},"loc":{"start":{"line":6,"column":11},"end":{"line":19,"column":null}}},"1":{"name":"(anonymous_1)","decl":{"start":{"line":12,"column":25},"end":{"line":12,"column":26}},"loc":{"start":{"line":13,"column":14},"end":{"line":13,"column":null}}}},"branchMap":{},"s":{"0":1,"1":6},"f":{"0":1,"1":6},"b":{}}
}
