{"C:/Users/Роман/Desktop/rs-school-react/rs_school-react/react-week-1/src/components/card.tsx": {"path":"C:/Users/Роман/Desktop/rs-school-react/rs_school-react/react-week-1/src/components/card.tsx","statementMap":{"0":{"start":{"line":11,"column":4},"end":{"line":11,"column":null}},"1":{"start":{"line":12,"column":4},"end":{"line":12,"column":null}},"2":{"start":{"line":13,"column":4},"end":{"line":13,"column":null}},"3":{"start":{"line":14,"column":4},"end":{"line":14,"column":null}},"4":{"start":{"line":15,"column":4},"end":{"line":15,"column":null}},"5":{"start":{"line":18,"column":4},"end":{"line":26,"column":null}}},"fnMap":{"0":{"name":"(anonymous_0)","decl":{"start":{"line":10,"column":2},"end":{"line":10,"column":14}},"loc":{"start":{"line":10,"column":33},"end":{"line":16,"column":null}}},"1":{"name":"(anonymous_1)","decl":{"start":{"line":17,"column":2},"end":{"line":17,"column":11}},"loc":{"start":{"line":17,"column":11},"end":{"line":28,"column":null}}}},"branchMap":{},"s":{"0":8,"1":8,"2":8,"3":8,"4":8,"5":8},"f":{"0":8,"1":8},"b":{}}
,"C:/Users/Роман/Desktop/rs-school-react/rs_school-react/react-week-1/src/components/db.tsx": {"path":"C:/Users/Роман/Desktop/rs-school-react/rs_school-react/react-week-1/src/components/db.tsx","statementMap":{"0":{"start":{"line":1,"column":16},"end":{"line":44,"column":null}}},"fnMap":{},"branchMap":{},"s":{"0":1},"f":{},"b":{}}
,"C:/Users/Роман/Desktop/rs-school-react/rs_school-react/react-week-1/src/components/search_bar.tsx": {"path":"C:/Users/Роман/Desktop/rs-school-react/rs_school-react/react-week-1/src/components/search_bar.tsx","statementMap":{"0":{"start":{"line":5,"column":4},"end":{"line":5,"column":null}},"1":{"start":{"line":6,"column":4},"end":{"line":6,"column":null}},"2":{"start":{"line":7,"column":4},"end":{"line":7,"column":null}},"3":{"start":{"line":10,"column":4},"end":{"line":10,"column":null}},"4":{"start":{"line":13,"column":4},"end":{"line":13,"column":null}},"5":{"start":{"line":16,"column":4},"end":{"line":16,"column":null}},"6":{"start":{"line":19,"column":4},"end":{"line":26,"column":null}}},"fnMap":{"0":{"name":"(anonymous_0)","decl":{"start":{"line":4,"column":2},"end":{"line":4,"column":14}},"loc":{"start":{"line":4,"column":29},"end":{"line":8,"column":null}}},"1":{"name":"(anonymous_1)","decl":{"start":{"line":9,"column":2},"end":{"line":9,"column":22}},"loc":{"start":{"line":9,"column":22},"end":{"line":11,"column":null}}},"2":{"name":"(anonymous_2)","decl":{"start":{"line":12,"column":2},"end":{"line":12,"column":25}},"loc":{"start":{"line":12,"column":25},"end":{"line":14,"column":null}}},"3":{"name":"(anonymous_3)","decl":{"start":{"line":15,"column":2},"end":{"line":15,"column":14}},"loc":{"start":{"line":15,"column":58},"end":{"line":17,"column":null}}},"4":{"name":"(anonymous_4)","decl":{"start":{"line":18,"column":2},"end":{"line":18,"column":11}},"loc":{"start":{"line":18,"column":11},"end":{"line":28,"column":null}}}},"branchMap":{"0":{"loc":{"start":{"line":10,"column":27},"end":{"line":10,"column":72}},"type":"binary-expr","locations":[{"start":{"line":10,"column":27},"end":{"line":10,"column":69}},{"start":{"line":10,"column":69},"end":{"line":10,"column":72}}]}},"s":{"0":1,"1":1,"2":1,"3":1,"4":1,"5":0,"6":2},"f":{"0":1,"1":1,"2":1,"3":0,"4":2},"b":{"0":[1,1]}}
,"C:/Users/Роман/Desktop/rs-school-react/rs_school-react/react-week-1/src/components/signCard.tsx": {"path":"C:/Users/Роман/Desktop/rs-school-react/rs_school-react/react-week-1/src/components/signCard.tsx","statementMap":{"0":{"start":{"line":6,"column":52},"end":{"line":6,"column":null}},"1":{"start":{"line":8,"column":4},"end":{"line":15,"column":null}}},"fnMap":{"0":{"name":"(anonymous_0)","decl":{"start":{"line":5,"column":2},"end":{"line":5,"column":11}},"loc":{"start":{"line":5,"column":11},"end":{"line":17,"column":null}}}},"branchMap":{},"s":{"0":0,"1":0},"f":{"0":0},"b":{}}
,"C:/Users/Роман/Desktop/rs-school-react/rs_school-react/react-week-1/src/routes/error.tsx": {"path":"C:/Users/Роман/Desktop/rs-school-react/rs_school-react/react-week-1/src/routes/error.tsx","statementMap":{"0":{"start":{"line":5,"column":4},"end":{"line":10,"column":null}}},"fnMap":{"0":{"name":"(anonymous_0)","decl":{"start":{"line":4,"column":2},"end":{"line":4,"column":11}},"loc":{"start":{"line":4,"column":11},"end":{"line":12,"column":null}}}},"branchMap":{},"s":{"0":1},"f":{"0":1},"b":{}}
,"C:/Users/Роман/Desktop/rs-school-react/rs_school-react/react-week-1/src/routes/form.tsx": {"path":"C:/Users/Роман/Desktop/rs-school-react/rs_school-react/react-week-1/src/routes/form.tsx","statementMap":{"0":{"start":{"line":15,"column":4},"end":{"line":15,"column":null}},"1":{"start":{"line":16,"column":4},"end":{"line":18,"column":null}},"2":{"start":{"line":19,"column":4},"end":{"line":19,"column":null}},"3":{"start":{"line":20,"column":4},"end":{"line":20,"column":null}},"4":{"start":{"line":21,"column":4},"end":{"line":21,"column":null}},"5":{"start":{"line":22,"column":4},"end":{"line":22,"column":null}},"6":{"start":{"line":23,"column":4},"end":{"line":23,"column":null}},"7":{"start":{"line":24,"column":4},"end":{"line":24,"column":null}},"8":{"start":{"line":25,"column":4},"end":{"line":25,"column":null}},"9":{"start":{"line":26,"column":4},"end":{"line":26,"column":null}},"10":{"start":{"line":27,"column":4},"end":{"line":27,"column":null}},"11":{"start":{"line":31,"column":4},"end":{"line":31,"column":null}},"12":{"start":{"line":32,"column":4},"end":{"line":44,"column":null}},"13":{"start":{"line":33,"column":19},"end":{"line":33,"column":null}},"14":{"start":{"line":34,"column":22},"end":{"line":34,"column":null}},"15":{"start":{"line":35,"column":22},"end":{"line":35,"column":null}},"16":{"start":{"line":36,"column":21},"end":{"line":36,"column":null}},"17":{"start":{"line":37,"column":18},"end":{"line":37,"column":null}},"18":{"start":{"line":38,"column":22},"end":{"line":38,"column":null}},"19":{"start":{"line":39,"column":20},"end":{"line":39,"column":null}},"20":{"start":{"line":40,"column":6},"end":{"line":40,"column":null}},"21":{"start":{"line":41,"column":6},"end":{"line":41,"column":null}},"22":{"start":{"line":42,"column":6},"end":{"line":42,"column":null}},"23":{"start":{"line":43,"column":6},"end":{"line":43,"column":null}},"24":{"start":{"line":47,"column":17},"end":{"line":47,"column":null}},"25":{"start":{"line":48,"column":19},"end":{"line":48,"column":null}},"26":{"start":{"line":49,"column":4},"end":{"line":49,"column":null}},"27":{"start":{"line":50,"column":4},"end":{"line":52,"column":null}},"28":{"start":{"line":51,"column":6},"end":{"line":51,"column":null}},"29":{"start":{"line":55,"column":4},"end":{"line":55,"column":null}},"30":{"start":{"line":56,"column":4},"end":{"line":67,"column":null}},"31":{"start":{"line":63,"column":6},"end":{"line":63,"column":null}},"32":{"start":{"line":64,"column":6},"end":{"line":64,"column":null}},"33":{"start":{"line":66,"column":6},"end":{"line":66,"column":null}},"34":{"start":{"line":70,"column":22},"end":{"line":70,"column":null}},"35":{"start":{"line":71,"column":4},"end":{"line":127,"column":null}},"36":{"start":{"line":124,"column":12},"end":{"line":124,"column":null}}},"fnMap":{"0":{"name":"(anonymous_0)","decl":{"start":{"line":14,"column":2},"end":{"line":14,"column":14}},"loc":{"start":{"line":14,"column":28},"end":{"line":28,"column":null}}},"1":{"name":"(anonymous_1)","decl":{"start":{"line":30,"column":2},"end":{"line":30,"column":15}},"loc":{"start":{"line":30,"column":56},"end":{"line":45,"column":null}}},"2":{"name":"(anonymous_2)","decl":{"start":{"line":46,"column":2},"end":{"line":46,"column":19}},"loc":{"start":{"line":46,"column":63},"end":{"line":53,"column":null}}},"3":{"name":"(anonymous_3)","decl":{"start":{"line":50,"column":20},"end":{"line":50,"column":21}},"loc":{"start":{"line":50,"column":27},"end":{"line":52,"column":null}}},"4":{"name":"(anonymous_4)","decl":{"start":{"line":54,"column":2},"end":{"line":54,"column":26}},"loc":{"start":{"line":54,"column":26},"end":{"line":68,"column":null}}},"5":{"name":"(anonymous_5)","decl":{"start":{"line":69,"column":2},"end":{"line":69,"column":11}},"loc":{"start":{"line":69,"column":11},"end":{"line":129,"column":null}}},"6":{"name":"(anonymous_6)","decl":{"start":{"line":123,"column":21},"end":{"line":123,"column":22}},"loc":{"start":{"line":124,"column":12},"end":{"line":124,"column":null}}}},"branchMap":{"0":{"loc":{"start":{"line":32,"column":4},"end":{"line":44,"column":null}},"type":"if","locations":[{"start":{"line":32,"column":4},"end":{"line":44,"column":null}},{"start":{"line":32,"column":4},"end":{"line":44,"column":null}}]},"1":{"loc":{"start":{"line":36,"column":21},"end":{"line":36,"column":null}},"type":"cond-expr","locations":[{"start":{"line":36,"column":61},"end":{"line":36,"column":72}},{"start":{"line":36,"column":72},"end":{"line":36,"column":null}}]},"2":{"loc":{"start":{"line":37,"column":18},"end":{"line":37,"column":null}},"type":"cond-expr","locations":[{"start":{"line":37,"column":43},"end":{"line":37,"column":83}},{"start":{"line":37,"column":83},"end":{"line":37,"column":null}}]},"3":{"loc":{"start":{"line":56,"column":4},"end":{"line":67,"column":null}},"type":"if","locations":[{"start":{"line":56,"column":4},"end":{"line":67,"column":null}},{"start":{"line":65,"column":11},"end":{"line":67,"column":null}}]},"4":{"loc":{"start":{"line":57,"column":6},"end":{"line":61,"column":null}},"type":"binary-expr","locations":[{"start":{"line":57,"column":6},"end":{"line":57,"column":null}},{"start":{"line":58,"column":6},"end":{"line":58,"column":null}},{"start":{"line":59,"column":7},"end":{"line":59,"column":49}},{"start":{"line":59,"column":49},"end":{"line":59,"column":null}},{"start":{"line":60,"column":6},"end":{"line":60,"column":null}},{"start":{"line":61,"column":6},"end":{"line":61,"column":null}}]}},"s":{"0":2,"1":2,"2":2,"3":2,"4":2,"5":2,"6":2,"7":2,"8":2,"9":2,"10":2,"11":1,"12":1,"13":0,"14":0,"15":0,"16":0,"17":0,"18":0,"19":0,"20":0,"21":0,"22":0,"23":0,"24":0,"25":0,"26":0,"27":0,"28":0,"29":1,"30":1,"31":1,"32":1,"33":0,"34":2,"35":2,"36":0},"f":{"0":2,"1":1,"2":0,"3":0,"4":1,"5":2,"6":0},"b":{"0":[0,1],"1":[0,0],"2":[0,0],"3":[1,0],"4":[1,1,1,1,0,0]}}
,"C:/Users/Роман/Desktop/rs-school-react/rs_school-react/react-week-1/src/routes/root.tsx": {"path":"C:/Users/Роман/Desktop/rs-school-react/rs_school-react/react-week-1/src/routes/root.tsx","statementMap":{"0":{"start":{"line":8,"column":4},"end":{"line":18,"column":null}},"1":{"start":{"line":14,"column":14},"end":{"line":14,"column":null}}},"fnMap":{"0":{"name":"(anonymous_0)","decl":{"start":{"line":7,"column":2},"end":{"line":7,"column":11}},"loc":{"start":{"line":7,"column":11},"end":{"line":20,"column":null}}},"1":{"name":"(anonymous_1)","decl":{"start":{"line":13,"column":25},"end":{"line":13,"column":26}},"loc":{"start":{"line":14,"column":14},"end":{"line":14,"column":null}}}},"branchMap":{},"s":{"0":1,"1":6},"f":{"0":1,"1":6},"b":{}}
}
